<?xml version="1.0" encoding="UTF-8"?>
<!-- Generated by org.testng.reporters.JUnitReportReporter -->
<testsuite hostname="Xin-He-PC" name="com.ingenta.com.ingenta.integration_test.MavenTests" tests="1" failures="0" timestamp="9 May 2016 14:00:42 GMT" time="14.602" errors="0">
  <testcase name="browserStack1" time="14.602" classname="com.ingenta.com.ingenta.integration_test.MavenTests"/>
</testsuite> <!-- com.ingenta.com.ingenta.integration_test.MavenTests -->
