<?xml version="1.0" encoding="UTF-8"?>
<!-- Generated by org.testng.reporters.JUnitReportReporter -->
<testsuite hostname="Xin-He-PC" name="com.ingenta.com.ingenta.integration_test.MavenTests" tests="1" failures="0" timestamp="9 May 2016 13:53:23 GMT" time="22.438" errors="0">
  <testcase name="browserStack1" time="22.438" classname="com.ingenta.com.ingenta.integration_test.MavenTests"/>
</testsuite> <!-- com.ingenta.com.ingenta.integration_test.MavenTests -->
